<?xml version="1.0" encoding="UTF-8"?>
<testsuite name="TrainTachographTest" tests="1" skipped="0" failures="0" errors="0" timestamp="2021-03-18T16:27:48" hostname="DESKTOP-O4CEF6A" time="0.016">
  <properties/>
  <testcase name="Test" classname="TrainTachographTest" time="0.016"/>
  <system-out><![CDATA[]]></system-out>
  <system-err><![CDATA[]]></system-err>
</testsuite>
